2023-05-13T00:51:37+00:00 CRITICAL Uncaught Error: Xdebug has detected a possible infinite loop, and aborted your script with a stack depth of '256' frames in /var/www/plastbras/wp-includes/class-wp-object-cache.php:146
Stack trace:
#0 /var/www/plastbras/wp-includes/class-wp-object-cache.php(146): trim()
#1 /var/www/plastbras/wp-includes/class-wp-object-cache.php(364): WP_Object_Cache->is_valid_key()
#2 /var/www/plastbras/wp-includes/cache.php(154): WP_Object_Cache->get()
#3 /var/www/plastbras/wp-includes/option.php(165): wp_cache_get()
#4 /var/www/plastbras/wp-includes/functions.php(119): get_option()
#5 /var/www/plastbras/wp-content/plugins/woocommerce/includes/wc-formatting-functions.php(757): wp_timezone_string()
#6 /var/www/plastbras/wp-content/plugins/woocommerce/includes/abstracts/abstract-wc-data.php(860): wc_timezone_string()
#7 /var/www/plastbras/wp-content/plugins/woocommerce/includes/abstracts/abstract-wc-product.php(743): WC_Data->set_date_prop()
#8 /var/www/plastbras/wp-content/plugins/woocommerce/includes/abstracts/abstract-wc-data.php(738): WC_Product->set_date_created()
#9 /var/www/plastbras/wp-content/plugins/woocommerce/includes/data-stores/class-wc-product-data-store-cpt.php(182): WC_Data->set_props()
#10 /var/www/plastbras/wp-content/plugins/woocommerce/includes/class-wc-data-store.php(159): WC_Product_Data_Store_CPT->read()
#11 /var/www/plastbras/wp-content/plugins/woocommerce/includes/abstracts/abstract-wc-product.php(138): WC_Data_Store->read()
#12 /var/www/plastbras/wp-content/plugins/woocommerce/includes/class-wc-product-simple.php(24): WC_Product->__construct()
#13 /var/www/plastbras/wp-content/plugins/woocommerce/includes/class-wc-product-factory.php(46): WC_Product_Simple->__construct()
#14 /var/www/plastbras/wp-content/plugins/woocommerce/includes/wc-product-functions.php(72): WC_Product_Factory->get_product()
#15 /var/www/plastbras/wp-content/plugins/woocommerce/includes/wc-template-functions.php(150): wc_get_product()
#16 /var/www/plastbras/wp-includes/class-wp-hook.php(310): wc_setup_product_data()
#17 /var/www/plastbras/wp-includes/class-wp-hook.php(332): WP_Hook->apply_filters()
#18 /var/www/plastbras/wp-includes/plugin.php(565): WP_Hook->do_action()
#19 /var/www/plastbras/wp-includes/class-wp-query.php(4690): do_action_ref_array()
#20 /var/www/plastbras/wp-includes/class-wp-query.php(3652): WP_Query->setup_postdata()
#21 /var/www/plastbras/wp-content/plugins/woocommerce/includes/class-wc-shortcodes.php(595): WP_Query->the_post()
#22 /var/www/plastbras/wp-includes/shortcodes.php(355): WC_Shortcodes::product_page()
#23 [internal function]: do_shortcode_tag()
#24 /var/www/plastbras/wp-includes/shortcodes.php(227): preg_replace_callback()
#25 /var/www/plastbras/wp-content/plugins/woocommerce/includes/class-wc-structured-data.php(203): do_shortcode()
#26 /var/www/plastbras/wp-includes/class-wp-hook.php(308): WC_Structured_Data->generate_product_data()
#27 /var/www/plastbras/wp-includes/class-wp-hook.php(332): WP_Hook->apply_filters()
#28 /var/www/plastbras/wp-includes/plugin.php(517): WP_Hook->do_action()
#29 /var/www/plastbras/wp-content/plugins/woocommerce/templates/content-single-product.php(60): do_action()
#30 /var/www/plastbras/wp-includes/template.php(785): require('...')
#31 /var/www/plastbras/wp-content/plugins/woocommerce/includes/wc-core-functions.php(284): load_template()
#32 /var/www/plastbras/wp-content/plugins/woocommerce/includes/class-wc-shortcodes.php(598): wc_get_template_part()
#33 /var/www/plastbras/wp-includes/shortcodes.php(355): WC_Shortcodes::product_page()
#34 [internal function]: do_shortcode_tag()
#35 /var/www/plastbras/wp-includes/shortcodes.php(227): preg_replace_callback()
#36 /var/www/plastbras/wp-content/plugins/woocommerce/includes/class-wc-structured-data.php(203): do_shortcode()
#37 /var/www/plastbras/wp-includes/class-wp-hook.php(308): WC_Structured_Data->generate_product_data()
#38 /var/www/plastbras/wp-includes/class-wp-hook.php(332): WP_Hook->apply_filters()
#39 /var/www/plastbras/wp-includes/plugin.php(517): WP_Hook->do_action()
#40 /var/www/plastbras/wp-content/plugins/woocommerce/templates/content-single-product.php(60): do_action()
#41 /var/www/plastbras/wp-includes/template.php(785): require('...')
#42 /var/www/plastbras/wp-content/plugins/woocommerce/includes/wc-core-functions.php(284): load_template()
#43 /var/www/plastbras/wp-content/plugins/woocommerce/includes/class-wc-shortcodes.php(598): wc_get_template_part()
#44 /var/www/plastbras/wp-includes/shortcodes.php(355): WC_Shortcodes::product_page()
#45 [internal function]: do_shortcode_tag()
#46 /var/www/plastbras/wp-includes/shortcodes.php(227): preg_replace_callback()
#47 /var/www/plastbras/wp-content/plugins/woocommerce/includes/class-wc-structured-data.php(203): do_shortcode()
#48 /var/www/plastbras/wp-includes/class-wp-hook.php(308): WC_Structured_Data->generate_product_data()
#49 /var/www/plastbras/wp-includes/class-wp-hook.php(332): WP_Hook->apply_filters()
#50 /var/www/plastbras/wp-includes/plugin.php(517): WP_Hook->do_action()
#51 /var/www/plastbras/wp-content/plugins/woocommerce/templates/content-single-product.php(60): do_action()
#52 /var/www/plastbras/wp-includes/template.php(785): require('...')
#53 /var/www/plastbras/wp-content/plugins/woocommerce/includes/wc-core-functions.php(284): load_template()
#54 /var/www/plastbras/wp-content/plugins/woocommerce/includes/class-wc-shortcodes.php(598): wc_get_template_part()
#55 /var/www/plastbras/wp-includes/shortcodes.php(355): WC_Shortcodes::product_page()
#56 [internal function]: do_shortcode_tag()
#57 /var/www/plastbras/wp-includes/shortcodes.php(227): preg_replace_callback()
#58 /var/www/plastbras/wp-content/plugins/woocommerce/includes/class-wc-structured-data.php(203): do_shortcode()
#59 /var/www/plastbras/wp-includes/class-wp-hook.php(308): WC_Structured_Data->generate_product_data()
#60 /var/www/plastbras/wp-includes/class-wp-hook.php(332): WP_Hook->apply_filters()
#61 /var/www/plastbras/wp-includes/plugin.php(517): WP_Hook->do_action()
#62 /var/www/plastbras/wp-content/plugins/woocommerce/templates/content-single-product.php(60): do_action()
#63 /var/www/plastbras/wp-includes/template.php(785): require('...')
#64 /var/www/plastbras/wp-content/plugins/woocommerce/includes/wc-core-functions.php(284): load_template()
#65 /var/www/plastbras/wp-content/plugins/woocommerce/includes/class-wc-shortcodes.php(598): wc_get_template_part()
#66 /var/www/plastbras/wp-includes/shortcodes.php(355): WC_Shortcodes::product_page()
#67 [internal function]: do_shortcode_tag()
#68 /var/www/plastbras/wp-includes/shortcodes.php(227): preg_replace_callback()
#69 /var/www/plastbras/wp-content/plugins/woocommerce/includes/class-wc-structured-data.php(203): do_shortcode()
#70 /var/www/plastbras/wp-includes/class-wp-hook.php(308): WC_Structured_Data->generate_product_data()
#71 /var/www/plastbras/wp-includes/class-wp-hook.php(332): WP_Hook->apply_filters()
#72 /var/www/plastbras/wp-includes/plugin.php(517): WP_Hook->do_action()
#73 /var/www/plastbras/wp-content/plugins/woocommerce/templates/content-single-product.php(60): do_action()
#74 /var/www/plastbras/wp-includes/template.php(785): require('...')
#75 /var/www/plastbras/wp-content/plugins/woocommerce/includes/wc-core-functions.php(284): load_template()
#76 /var/www/plastbras/wp-content/plugins/woocommerce/includes/class-wc-shortcodes.php(598): wc_get_template_part()
#77 /var/www/plastbras/wp-includes/shortcodes.php(355): WC_Shortcodes::product_page()
#78 [internal function]: do_shortcode_tag()
#79 /var/www/plastbras/wp-includes/shortcodes.php(227): preg_replace_callback()
#80 /var/www/plastbras/wp-content/plugins/woocommerce/includes/class-wc-structured-data.php(203): do_shortcode()
#81 /var/www/plastbras/wp-includes/class-wp-hook.php(308): WC_Structured_Data->generate_product_data()
#82 /var/www/plastbras/wp-includes/class-wp-hook.php(332): WP_Hook->apply_filters()
#83 /var/www/plastbras/wp-includes/plugin.php(517): WP_Hook->do_action()
#84 /var/www/plastbras/wp-content/plugins/woocommerce/templates/content-single-product.php(60): do_action()
#85 /var/www/plastbras/wp-includes/template.php(785): require('...')
#86 /var/www/plastbras/wp-content/plugins/woocommerce/includes/wc-core-functions.php(284): load_template()
#87 /var/www/plastbras/wp-content/plugins/woocommerce/includes/class-wc-shortcodes.php(598): wc_get_template_part()
#88 /var/www/plastbras/wp-includes/shortcodes.php(355): WC_Shortcodes::product_page()
#89 [internal function]: do_shortcode_tag()
#90 /var/www/plastbras/wp-includes/shortcodes.php(227): preg_replace_callback()
#91 /var/www/plastbras/wp-content/plugins/woocommerce/includes/class-wc-structured-data.php(203): do_shortcode()
#92 /var/www/plastbras/wp-includes/class-wp-hook.php(308): WC_Structured_Data->generate_product_data()
#93 /var/www/plastbras/wp-includes/class-wp-hook.php(332): WP_Hook->apply_filters()
#94 /var/www/plastbras/wp-includes/plugin.php(517): WP_Hook->do_action()
#95 /var/www/plastbras/wp-content/plugins/woocommerce/templates/content-single-product.php(60): do_action()
#96 /var/www/plastbras/wp-includes/template.php(785): require('...')
#97 /var/www/plastbras/wp-content/plugins/woocommerce/includes/wc-core-functions.php(284): load_template()
#98 /var/www/plastbras/wp-content/plugins/woocommerce/includes/class-wc-shortcodes.php(598): wc_get_template_part()
#99 /var/www/plastbras/wp-includes/shortcodes.php(355): WC_Shortcodes::product_page()
#100 [internal function]: do_shortcode_tag()
#101 /var/www/plastbras/wp-includes/shortcodes.php(227): preg_replace_callback()
#102 /var/www/plastbras/wp-content/plugins/woocommerce/includes/class-wc-structured-data.php(203): do_shortcode()
#103 /var/www/plastbras/wp-includes/class-wp-hook.php(308): WC_Structured_Data->generate_product_data()
#104 /var/www/plastbras/wp-includes/class-wp-hook.php(332): WP_Hook->apply_filters()
#105 /var/www/plastbras/wp-includes/plugin.php(517): WP_Hook->do_action()
#106 /var/www/plastbras/wp-content/plugins/woocommerce/templates/content-single-product.php(60): do_action()
#107 /var/www/plastbras/wp-includes/template.php(785): require('...')
#108 /var/www/plastbras/wp-content/plugins/woocommerce/includes/wc-core-functions.php(284): load_template()
#109 /var/www/plastbras/wp-content/plugins/woocommerce/includes/class-wc-shortcodes.php(598): wc_get_template_part()
#110 /var/www/plastbras/wp-includes/shortcodes.php(355): WC_Shortcodes::product_page()
#111 [internal function]: do_shortcode_tag()
#112 /var/www/plastbras/wp-includes/shortcodes.php(227): preg_replace_callback()
#113 /var/www/plastbras/wp-content/plugins/woocommerce/includes/class-wc-structured-data.php(203): do_shortcode()
#114 /var/www/plastbras/wp-includes/class-wp-hook.php(308): WC_Structured_Data->generate_product_data()
#115 /var/www/plastbras/wp-includes/class-wp-hook.php(332): WP_Hook->apply_filters()
#116 /var/www/plastbras/wp-includes/plugin.php(517): WP_Hook->do_action()
#117 /var/www/plastbras/wp-content/plugins/woocommerce/templates/content-single-product.php(60): do_action()
#118 /var/www/plastbras/wp-includes/template.php(785): require('...')
#119 /var/www/plastbras/wp-content/plugins/woocommerce/includes/wc-core-functions.php(284): load_template()
#120 /var/www/plastbras/wp-content/plugins/woocommerce/includes/class-wc-shortcodes.php(598): wc_get_template_part()
#121 /var/www/plastbras/wp-includes/shortcodes.php(355): WC_Shortcodes::product_page()
#122 [internal function]: do_shortcode_tag()
#123 /var/www/plastbras/wp-includes/shortcodes.php(227): preg_replace_callback()
#124 /var/www/plastbras/wp-content/plugins/woocommerce/includes/class-wc-structured-data.php(203): do_shortcode()
#125 /var/www/plastbras/wp-includes/class-wp-hook.php(308): WC_Structured_Data->generate_product_data()
#126 /var/www/plastbras/wp-includes/class-wp-hook.php(332): WP_Hook->apply_filters()
#127 /var/www/plastbras/wp-includes/plugin.php(517): WP_Hook->do_action()
#128 /var/www/plastbras/wp-content/plugins/woocommerce/templates/content-single-product.php(60): do_action()
#129 /var/www/plastbras/wp-includes/template.php(785): require('...')
#130 /var/www/plastbras/wp-content/plugins/woocommerce/includes/wc-core-functions.php(284): load_template()
#131 /var/www/plastbras/wp-content/plugins/woocommerce/includes/class-wc-shortcodes.php(598): wc_get_template_part()
#132 /var/www/plastbras/wp-includes/shortcodes.php(355): WC_Shortcodes::product_page()
#133 [internal function]: do_shortcode_tag()
#134 /var/www/plastbras/wp-includes/shortcodes.php(227): preg_replace_callback()
#135 /var/www/plastbras/wp-content/plugins/woocommerce/includes/class-wc-structured-data.php(203): do_shortcode()
#136 /var/www/plastbras/wp-includes/class-wp-hook.php(308): WC_Structured_Data->generate_product_data()
#137 /var/www/plastbras/wp-includes/class-wp-hook.php(332): WP_Hook->apply_filters()
#138 /var/www/plastbras/wp-includes/plugin.php(517): WP_Hook->do_action()
#139 /var/www/plastbras/wp-content/plugins/woocommerce/templates/content-single-product.php(60): do_action()
#140 /var/www/plastbras/wp-includes/template.php(785): require('...')
#141 /var/www/plastbras/wp-content/plugins/woocommerce/includes/wc-core-functions.php(284): load_template()
#142 /var/www/plastbras/wp-content/plugins/woocommerce/includes/class-wc-shortcodes.php(598): wc_get_template_part()
#143 /var/www/plastbras/wp-includes/shortcodes.php(355): WC_Shortcodes::product_page()
#144 [internal function]: do_shortcode_tag()
#145 /var/www/plastbras/wp-includes/shortcodes.php(227): preg_replace_callback()
#146 /var/www/plastbras/wp-content/plugins/woocommerce/includes/class-wc-structured-data.php(203): do_shortcode()
#147 /var/www/plastbras/wp-includes/class-wp-hook.php(308): WC_Structured_Data->generate_product_data()
#148 /var/www/plastbras/wp-includes/class-wp-hook.php(332): WP_Hook->apply_filters()
#149 /var/www/plastbras/wp-includes/plugin.php(517): WP_Hook->do_action()
#150 /var/www/plastbras/wp-content/plugins/woocommerce/templates/content-single-product.php(60): do_action()
#151 /var/www/plastbras/wp-includes/template.php(785): require('...')
#152 /var/www/plastbras/wp-content/plugins/woocommerce/includes/wc-core-functions.php(284): load_template()
#153 /var/www/plastbras/wp-content/plugins/woocommerce/includes/class-wc-shortcodes.php(598): wc_get_template_part()
#154 /var/www/plastbras/wp-includes/shortcodes.php(355): WC_Shortcodes::product_page()
#155 [internal function]: do_shortcode_tag()
#156 /var/www/plastbras/wp-includes/shortcodes.php(227): preg_replace_callback()
#157 /var/www/plastbras/wp-content/plugins/woocommerce/includes/class-wc-structured-data.php(203): do_shortcode()
#158 /var/www/plastbras/wp-includes/class-wp-hook.php(308): WC_Structured_Data->generate_product_data()
#159 /var/www/plastbras/wp-includes/class-wp-hook.php(332): WP_Hook->apply_filters()
#160 /var/www/plastbras/wp-includes/plugin.php(517): WP_Hook->do_action()
#161 /var/www/plastbras/wp-content/plugins/woocommerce/templates/content-single-product.php(60): do_action()
#162 /var/www/plastbras/wp-includes/template.php(785): require('...')
#163 /var/www/plastbras/wp-content/plugins/woocommerce/includes/wc-core-functions.php(284): load_template()
#164 /var/www/plastbras/wp-content/plugins/woocommerce/includes/class-wc-shortcodes.php(598): wc_get_template_part()
#165 /var/www/plastbras/wp-includes/shortcodes.php(355): WC_Shortcodes::product_page()
#166 [internal function]: do_shortcode_tag()
#167 /var/www/plastbras/wp-includes/shortcodes.php(227): preg_replace_callback()
#168 /var/www/plastbras/wp-content/plugins/woocommerce/includes/class-wc-structured-data.php(203): do_shortcode()
#169 /var/www/plastbras/wp-includes/class-wp-hook.php(308): WC_Structured_Data->generate_product_data()
#170 /var/www/plastbras/wp-includes/class-wp-hook.php(332): WP_Hook->apply_filters()
#171 /var/www/plastbras/wp-includes/plugin.php(517): WP_Hook->do_action()
#172 /var/www/plastbras/wp-content/plugins/woocommerce/templates/content-single-product.php(60): do_action()
#173 /var/www/plastbras/wp-includes/template.php(785): require('...')
#174 /var/www/plastbras/wp-content/plugins/woocommerce/includes/wc-core-functions.php(284): load_template()
#175 /var/www/plastbras/wp-content/plugins/woocommerce/includes/class-wc-shortcodes.php(598): wc_get_template_part()
#176 /var/www/plastbras/wp-includes/shortcodes.php(355): WC_Shortcodes::product_page()
#177 [internal function]: do_shortcode_tag()
#178 /var/www/plastbras/wp-includes/shortcodes.php(227): preg_replace_callback()
#179 /var/www/plastbras/wp-content/plugins/woocommerce/includes/class-wc-structured-data.php(203): do_shortcode()
#180 /var/www/plastbras/wp-includes/class-wp-hook.php(308): WC_Structured_Data->generate_product_data()
#181 /var/www/plastbras/wp-includes/class-wp-hook.php(332): WP_Hook->apply_filters()
#182 /var/www/plastbras/wp-includes/plugin.php(517): WP_Hook->do_action()
#183 /var/www/plastbras/wp-content/plugins/woocommerce/templates/content-single-product.php(60): do_action()
#184 /var/www/plastbras/wp-includes/template.php(785): require('...')
#185 /var/www/plastbras/wp-content/plugins/woocommerce/includes/wc-core-functions.php(284): load_template()
#186 /var/www/plastbras/wp-content/plugins/woocommerce/includes/class-wc-shortcodes.php(598): wc_get_template_part()
#187 /var/www/plastbras/wp-includes/shortcodes.php(355): WC_Shortcodes::product_page()
#188 [internal function]: do_shortcode_tag()
#189 /var/www/plastbras/wp-includes/shortcodes.php(227): preg_replace_callback()
#190 /var/www/plastbras/wp-content/plugins/woocommerce/includes/class-wc-structured-data.php(203): do_shortcode()
#191 /var/www/plastbras/wp-includes/class-wp-hook.php(308): WC_Structured_Data->generate_product_data()
#192 /var/www/plastbras/wp-includes/class-wp-hook.php(332): WP_Hook->apply_filters()
#193 /var/www/plastbras/wp-includes/plugin.php(517): WP_Hook->do_action()
#194 /var/www/plastbras/wp-content/plugins/woocommerce/templates/content-single-product.php(60): do_action()
#195 /var/www/plastbras/wp-includes/template.php(785): require('...')
#196 /var/www/plastbras/wp-content/plugins/woocommerce/includes/wc-core-functions.php(284): load_template()
#197 /var/www/plastbras/wp-content/plugins/woocommerce/includes/class-wc-shortcodes.php(598): wc_get_template_part()
#198 /var/www/plastbras/wp-includes/shortcodes.php(355): WC_Shortcodes::product_page()
#199 [internal function]: do_shortcode_tag()
#200 /var/www/plastbras/wp-includes/shortcodes.php(227): preg_replace_callback()
#201 /var/www/plastbras/wp-content/plugins/woocommerce/includes/class-wc-structured-data.php(203): do_shortcode()
#202 /var/www/plastbras/wp-includes/class-wp-hook.php(308): WC_Structured_Data->generate_product_data()
#203 /var/www/plastbras/wp-includes/class-wp-hook.php(332): WP_Hook->apply_filters()
#204 /var/www/plastbras/wp-includes/plugin.php(517): WP_Hook->do_action()
#205 /var/www/plastbras/wp-content/plugins/woocommerce/templates/content-single-product.php(60): do_action()
#206 /var/www/plastbras/wp-includes/template.php(785): require('...')
#207 /var/www/plastbras/wp-content/plugins/woocommerce/includes/wc-core-functions.php(284): load_template()
#208 /var/www/plastbras/wp-content/plugins/woocommerce/includes/class-wc-shortcodes.php(598): wc_get_template_part()
#209 /var/www/plastbras/wp-includes/shortcodes.php(355): WC_Shortcodes::product_page()
#210 [internal function]: do_shortcode_tag()
#211 /var/www/plastbras/wp-includes/shortcodes.php(227): preg_replace_callback()
#212 /var/www/plastbras/wp-content/plugins/woocommerce/includes/class-wc-structured-data.php(203): do_shortcode()
#213 /var/www/plastbras/wp-includes/class-wp-hook.php(308): WC_Structured_Data->generate_product_data()
#214 /var/www/plastbras/wp-includes/class-wp-hook.php(332): WP_Hook->apply_filters()
#215 /var/www/plastbras/wp-includes/plugin.php(517): WP_Hook->do_action()
#216 /var/www/plastbras/wp-content/plugins/woocommerce/templates/content-single-product.php(60): do_action()
#217 /var/www/plastbras/wp-includes/template.php(785): require('...')
#218 /var/www/plastbras/wp-content/plugins/woocommerce/includes/wc-core-functions.php(284): load_template()
#219 /var/www/plastbras/wp-content/plugins/woocommerce/includes/class-wc-shortcodes.php(598): wc_get_template_part()
#220 /var/www/plastbras/wp-includes/shortcodes.php(355): WC_Shortcodes::product_page()
#221 [internal function]: do_shortcode_tag()
#222 /var/www/plastbras/wp-includes/shortcodes.php(227): preg_replace_callback()
#223 /var/www/plastbras/wp-content/plugins/woocommerce/includes/class-wc-structured-data.php(203): do_shortcode()
#224 /var/www/plastbras/wp-includes/class-wp-hook.php(308): WC_Structured_Data->generate_product_data()
#225 /var/www/plastbras/wp-includes/class-wp-hook.php(332): WP_Hook->apply_filters()
#226 /var/www/plastbras/wp-includes/plugin.php(517): WP_Hook->do_action()
#227 /var/www/plastbras/wp-content/plugins/woocommerce/templates/content-single-product.php(60): do_action()
#228 /var/www/plastbras/wp-includes/template.php(785): require('...')
#229 /var/www/plastbras/wp-content/plugins/woocommerce/includes/wc-core-functions.php(284): load_template()
#230 /var/www/plastbras/wp-content/plugins/woocommerce/includes/class-wc-shortcodes.php(598): wc_get_template_part()
#231 /var/www/plastbras/wp-includes/shortcodes.php(355): WC_Shortcodes::product_page()
#232 [internal function]: do_shortcode_tag()
#233 /var/www/plastbras/wp-includes/shortcodes.php(227): preg_replace_callback()
#234 /var/www/plastbras/wp-content/plugins/woocommerce/includes/class-wc-structured-data.php(203): do_shortcode()
#235 /var/www/plastbras/wp-includes/class-wp-hook.php(308): WC_Structured_Data->generate_product_data()
#236 /var/www/plastbras/wp-includes/class-wp-hook.php(332): WP_Hook->apply_filters()
#237 /var/www/plastbras/wp-includes/plugin.php(517): WP_Hook->do_action()
#238 /var/www/plastbras/wp-content/plugins/woocommerce/templates/content-single-product.php(60): do_action()
#239 /var/www/plastbras/wp-includes/template.php(785): require('...')
#240 /var/www/plastbras/wp-content/plugins/woocommerce/includes/wc-core-functions.php(284): load_template()
#241 /var/www/plastbras/wp-content/plugins/woocommerce/includes/class-wc-shortcodes.php(598): wc_get_template_part()
#242 /var/www/plastbras/wp-includes/shortcodes.php(355): WC_Shortcodes::product_page()
#243 [internal function]: do_shortcode_tag()
#244 /var/www/plastbras/wp-includes/shortcodes.php(227): preg_replace_callback()
#245 /var/www/plastbras/wp-content/plugins/woocommerce/includes/class-wc-structured-data.php(203): do_shortcode()
#246 /var/www/plastbras/wp-includes/class-wp-hook.php(308): WC_Structured_Data->generate_product_data()
#247 /var/www/plastbras/wp-includes/class-wp-hook.php(332): WP_Hook->apply_filters()
#248 /var/www/plastbras/wp-includes/plugin.php(517): WP_Hook->do_action()
#249 /var/www/plastbras/wp-content/plugins/woocommerce/templates/content-single-product.php(60): do_action()
#250 /var/www/plastbras/wp-includes/template.php(785): require('...')
#251 /var/www/plastbras/wp-content/plugins/woocommerce/includes/wc-core-functions.php(284): load_template()
#252 /var/www/plastbras/wp-content/plugins/woocommerce/templates/single-product.php(37): wc_get_template_part()
#253 /var/www/plastbras/wp-includes/template-loader.php(106): include('...')
#254 /var/www/plastbras/wp-blog-header.php(19): require_once('...')
#255 /var/www/plastbras/index.php(17): require('...')
#256 {main}
  thrown in /var/www/plastbras/wp-includes/class-wp-object-cache.php on line 146

2023-05-13T00:54:22+00:00 CRITICAL Uncaught Error: Xdebug has detected a possible infinite loop, and aborted your script with a stack depth of '256' frames in /var/www/plastbras/wp-includes/class-wp-object-cache.php:146
Stack trace:
#0 /var/www/plastbras/wp-includes/class-wp-object-cache.php(146): trim()
#1 /var/www/plastbras/wp-includes/class-wp-object-cache.php(364): WP_Object_Cache->is_valid_key()
#2 /var/www/plastbras/wp-includes/cache.php(154): WP_Object_Cache->get()
#3 /var/www/plastbras/wp-includes/option.php(165): wp_cache_get()
#4 /var/www/plastbras/wp-includes/functions.php(119): get_option()
#5 /var/www/plastbras/wp-content/plugins/woocommerce/includes/wc-formatting-functions.php(757): wp_timezone_string()
#6 /var/www/plastbras/wp-content/plugins/woocommerce/includes/abstracts/abstract-wc-data.php(860): wc_timezone_string()
#7 /var/www/plastbras/wp-content/plugins/woocommerce/includes/abstracts/abstract-wc-product.php(743): WC_Data->set_date_prop()
#8 /var/www/plastbras/wp-content/plugins/woocommerce/includes/abstracts/abstract-wc-data.php(738): WC_Product->set_date_created()
#9 /var/www/plastbras/wp-content/plugins/woocommerce/includes/data-stores/class-wc-product-data-store-cpt.php(182): WC_Data->set_props()
#10 /var/www/plastbras/wp-content/plugins/woocommerce/includes/class-wc-data-store.php(159): WC_Product_Data_Store_CPT->read()
#11 /var/www/plastbras/wp-content/plugins/woocommerce/includes/abstracts/abstract-wc-product.php(138): WC_Data_Store->read()
#12 /var/www/plastbras/wp-content/plugins/woocommerce/includes/class-wc-product-simple.php(24): WC_Product->__construct()
#13 /var/www/plastbras/wp-content/plugins/woocommerce/includes/class-wc-product-factory.php(46): WC_Product_Simple->__construct()
#14 /var/www/plastbras/wp-content/plugins/woocommerce/includes/wc-product-functions.php(72): WC_Product_Factory->get_product()
#15 /var/www/plastbras/wp-content/plugins/woocommerce/includes/wc-template-functions.php(150): wc_get_product()
#16 /var/www/plastbras/wp-includes/class-wp-hook.php(310): wc_setup_product_data()
#17 /var/www/plastbras/wp-includes/class-wp-hook.php(332): WP_Hook->apply_filters()
#18 /var/www/plastbras/wp-includes/plugin.php(565): WP_Hook->do_action()
#19 /var/www/plastbras/wp-includes/class-wp-query.php(4690): do_action_ref_array()
#20 /var/www/plastbras/wp-includes/class-wp-query.php(3652): WP_Query->setup_postdata()
#21 /var/www/plastbras/wp-content/plugins/woocommerce/includes/class-wc-shortcodes.php(595): WP_Query->the_post()
#22 /var/www/plastbras/wp-includes/shortcodes.php(355): WC_Shortcodes::product_page()
#23 [internal function]: do_shortcode_tag()
#24 /var/www/plastbras/wp-includes/shortcodes.php(227): preg_replace_callback()
#25 /var/www/plastbras/wp-content/plugins/woocommerce/includes/class-wc-structured-data.php(203): do_shortcode()
#26 /var/www/plastbras/wp-includes/class-wp-hook.php(308): WC_Structured_Data->generate_product_data()
#27 /var/www/plastbras/wp-includes/class-wp-hook.php(332): WP_Hook->apply_filters()
#28 /var/www/plastbras/wp-includes/plugin.php(517): WP_Hook->do_action()
#29 /var/www/plastbras/wp-content/plugins/woocommerce/templates/content-single-product.php(60): do_action()
#30 /var/www/plastbras/wp-includes/template.php(785): require('...')
#31 /var/www/plastbras/wp-content/plugins/woocommerce/includes/wc-core-functions.php(284): load_template()
#32 /var/www/plastbras/wp-content/plugins/woocommerce/includes/class-wc-shortcodes.php(598): wc_get_template_part()
#33 /var/www/plastbras/wp-includes/shortcodes.php(355): WC_Shortcodes::product_page()
#34 [internal function]: do_shortcode_tag()
#35 /var/www/plastbras/wp-includes/shortcodes.php(227): preg_replace_callback()
#36 /var/www/plastbras/wp-content/plugins/woocommerce/includes/class-wc-structured-data.php(203): do_shortcode()
#37 /var/www/plastbras/wp-includes/class-wp-hook.php(308): WC_Structured_Data->generate_product_data()
#38 /var/www/plastbras/wp-includes/class-wp-hook.php(332): WP_Hook->apply_filters()
#39 /var/www/plastbras/wp-includes/plugin.php(517): WP_Hook->do_action()
#40 /var/www/plastbras/wp-content/plugins/woocommerce/templates/content-single-product.php(60): do_action()
#41 /var/www/plastbras/wp-includes/template.php(785): require('...')
#42 /var/www/plastbras/wp-content/plugins/woocommerce/includes/wc-core-functions.php(284): load_template()
#43 /var/www/plastbras/wp-content/plugins/woocommerce/includes/class-wc-shortcodes.php(598): wc_get_template_part()
#44 /var/www/plastbras/wp-includes/shortcodes.php(355): WC_Shortcodes::product_page()
#45 [internal function]: do_shortcode_tag()
#46 /var/www/plastbras/wp-includes/shortcodes.php(227): preg_replace_callback()
#47 /var/www/plastbras/wp-content/plugins/woocommerce/includes/class-wc-structured-data.php(203): do_shortcode()
#48 /var/www/plastbras/wp-includes/class-wp-hook.php(308): WC_Structured_Data->generate_product_data()
#49 /var/www/plastbras/wp-includes/class-wp-hook.php(332): WP_Hook->apply_filters()
#50 /var/www/plastbras/wp-includes/plugin.php(517): WP_Hook->do_action()
#51 /var/www/plastbras/wp-content/plugins/woocommerce/templates/content-single-product.php(60): do_action()
#52 /var/www/plastbras/wp-includes/template.php(785): require('...')
#53 /var/www/plastbras/wp-content/plugins/woocommerce/includes/wc-core-functions.php(284): load_template()
#54 /var/www/plastbras/wp-content/plugins/woocommerce/includes/class-wc-shortcodes.php(598): wc_get_template_part()
#55 /var/www/plastbras/wp-includes/shortcodes.php(355): WC_Shortcodes::product_page()
#56 [internal function]: do_shortcode_tag()
#57 /var/www/plastbras/wp-includes/shortcodes.php(227): preg_replace_callback()
#58 /var/www/plastbras/wp-content/plugins/woocommerce/includes/class-wc-structured-data.php(203): do_shortcode()
#59 /var/www/plastbras/wp-includes/class-wp-hook.php(308): WC_Structured_Data->generate_product_data()
#60 /var/www/plastbras/wp-includes/class-wp-hook.php(332): WP_Hook->apply_filters()
#61 /var/www/plastbras/wp-includes/plugin.php(517): WP_Hook->do_action()
#62 /var/www/plastbras/wp-content/plugins/woocommerce/templates/content-single-product.php(60): do_action()
#63 /var/www/plastbras/wp-includes/template.php(785): require('...')
#64 /var/www/plastbras/wp-content/plugins/woocommerce/includes/wc-core-functions.php(284): load_template()
#65 /var/www/plastbras/wp-content/plugins/woocommerce/includes/class-wc-shortcodes.php(598): wc_get_template_part()
#66 /var/www/plastbras/wp-includes/shortcodes.php(355): WC_Shortcodes::product_page()
#67 [internal function]: do_shortcode_tag()
#68 /var/www/plastbras/wp-includes/shortcodes.php(227): preg_replace_callback()
#69 /var/www/plastbras/wp-content/plugins/woocommerce/includes/class-wc-structured-data.php(203): do_shortcode()
#70 /var/www/plastbras/wp-includes/class-wp-hook.php(308): WC_Structured_Data->generate_product_data()
#71 /var/www/plastbras/wp-includes/class-wp-hook.php(332): WP_Hook->apply_filters()
#72 /var/www/plastbras/wp-includes/plugin.php(517): WP_Hook->do_action()
#73 /var/www/plastbras/wp-content/plugins/woocommerce/templates/content-single-product.php(60): do_action()
#74 /var/www/plastbras/wp-includes/template.php(785): require('...')
#75 /var/www/plastbras/wp-content/plugins/woocommerce/includes/wc-core-functions.php(284): load_template()
#76 /var/www/plastbras/wp-content/plugins/woocommerce/includes/class-wc-shortcodes.php(598): wc_get_template_part()
#77 /var/www/plastbras/wp-includes/shortcodes.php(355): WC_Shortcodes::product_page()
#78 [internal function]: do_shortcode_tag()
#79 /var/www/plastbras/wp-includes/shortcodes.php(227): preg_replace_callback()
#80 /var/www/plastbras/wp-content/plugins/woocommerce/includes/class-wc-structured-data.php(203): do_shortcode()
#81 /var/www/plastbras/wp-includes/class-wp-hook.php(308): WC_Structured_Data->generate_product_data()
#82 /var/www/plastbras/wp-includes/class-wp-hook.php(332): WP_Hook->apply_filters()
#83 /var/www/plastbras/wp-includes/plugin.php(517): WP_Hook->do_action()
#84 /var/www/plastbras/wp-content/plugins/woocommerce/templates/content-single-product.php(60): do_action()
#85 /var/www/plastbras/wp-includes/template.php(785): require('...')
#86 /var/www/plastbras/wp-content/plugins/woocommerce/includes/wc-core-functions.php(284): load_template()
#87 /var/www/plastbras/wp-content/plugins/woocommerce/includes/class-wc-shortcodes.php(598): wc_get_template_part()
#88 /var/www/plastbras/wp-includes/shortcodes.php(355): WC_Shortcodes::product_page()
#89 [internal function]: do_shortcode_tag()
#90 /var/www/plastbras/wp-includes/shortcodes.php(227): preg_replace_callback()
#91 /var/www/plastbras/wp-content/plugins/woocommerce/includes/class-wc-structured-data.php(203): do_shortcode()
#92 /var/www/plastbras/wp-includes/class-wp-hook.php(308): WC_Structured_Data->generate_product_data()
#93 /var/www/plastbras/wp-includes/class-wp-hook.php(332): WP_Hook->apply_filters()
#94 /var/www/plastbras/wp-includes/plugin.php(517): WP_Hook->do_action()
#95 /var/www/plastbras/wp-content/plugins/woocommerce/templates/content-single-product.php(60): do_action()
#96 /var/www/plastbras/wp-includes/template.php(785): require('...')
#97 /var/www/plastbras/wp-content/plugins/woocommerce/includes/wc-core-functions.php(284): load_template()
#98 /var/www/plastbras/wp-content/plugins/woocommerce/includes/class-wc-shortcodes.php(598): wc_get_template_part()
#99 /var/www/plastbras/wp-includes/shortcodes.php(355): WC_Shortcodes::product_page()
#100 [internal function]: do_shortcode_tag()
#101 /var/www/plastbras/wp-includes/shortcodes.php(227): preg_replace_callback()
#102 /var/www/plastbras/wp-content/plugins/woocommerce/includes/class-wc-structured-data.php(203): do_shortcode()
#103 /var/www/plastbras/wp-includes/class-wp-hook.php(308): WC_Structured_Data->generate_product_data()
#104 /var/www/plastbras/wp-includes/class-wp-hook.php(332): WP_Hook->apply_filters()
#105 /var/www/plastbras/wp-includes/plugin.php(517): WP_Hook->do_action()
#106 /var/www/plastbras/wp-content/plugins/woocommerce/templates/content-single-product.php(60): do_action()
#107 /var/www/plastbras/wp-includes/template.php(785): require('...')
#108 /var/www/plastbras/wp-content/plugins/woocommerce/includes/wc-core-functions.php(284): load_template()
#109 /var/www/plastbras/wp-content/plugins/woocommerce/includes/class-wc-shortcodes.php(598): wc_get_template_part()
#110 /var/www/plastbras/wp-includes/shortcodes.php(355): WC_Shortcodes::product_page()
#111 [internal function]: do_shortcode_tag()
#112 /var/www/plastbras/wp-includes/shortcodes.php(227): preg_replace_callback()
#113 /var/www/plastbras/wp-content/plugins/woocommerce/includes/class-wc-structured-data.php(203): do_shortcode()
#114 /var/www/plastbras/wp-includes/class-wp-hook.php(308): WC_Structured_Data->generate_product_data()
#115 /var/www/plastbras/wp-includes/class-wp-hook.php(332): WP_Hook->apply_filters()
#116 /var/www/plastbras/wp-includes/plugin.php(517): WP_Hook->do_action()
#117 /var/www/plastbras/wp-content/plugins/woocommerce/templates/content-single-product.php(60): do_action()
#118 /var/www/plastbras/wp-includes/template.php(785): require('...')
#119 /var/www/plastbras/wp-content/plugins/woocommerce/includes/wc-core-functions.php(284): load_template()
#120 /var/www/plastbras/wp-content/plugins/woocommerce/includes/class-wc-shortcodes.php(598): wc_get_template_part()
#121 /var/www/plastbras/wp-includes/shortcodes.php(355): WC_Shortcodes::product_page()
#122 [internal function]: do_shortcode_tag()
#123 /var/www/plastbras/wp-includes/shortcodes.php(227): preg_replace_callback()
#124 /var/www/plastbras/wp-content/plugins/woocommerce/includes/class-wc-structured-data.php(203): do_shortcode()
#125 /var/www/plastbras/wp-includes/class-wp-hook.php(308): WC_Structured_Data->generate_product_data()
#126 /var/www/plastbras/wp-includes/class-wp-hook.php(332): WP_Hook->apply_filters()
#127 /var/www/plastbras/wp-includes/plugin.php(517): WP_Hook->do_action()
#128 /var/www/plastbras/wp-content/plugins/woocommerce/templates/content-single-product.php(60): do_action()
#129 /var/www/plastbras/wp-includes/template.php(785): require('...')
#130 /var/www/plastbras/wp-content/plugins/woocommerce/includes/wc-core-functions.php(284): load_template()
#131 /var/www/plastbras/wp-content/plugins/woocommerce/includes/class-wc-shortcodes.php(598): wc_get_template_part()
#132 /var/www/plastbras/wp-includes/shortcodes.php(355): WC_Shortcodes::product_page()
#133 [internal function]: do_shortcode_tag()
#134 /var/www/plastbras/wp-includes/shortcodes.php(227): preg_replace_callback()
#135 /var/www/plastbras/wp-content/plugins/woocommerce/includes/class-wc-structured-data.php(203): do_shortcode()
#136 /var/www/plastbras/wp-includes/class-wp-hook.php(308): WC_Structured_Data->generate_product_data()
#137 /var/www/plastbras/wp-includes/class-wp-hook.php(332): WP_Hook->apply_filters()
#138 /var/www/plastbras/wp-includes/plugin.php(517): WP_Hook->do_action()
#139 /var/www/plastbras/wp-content/plugins/woocommerce/templates/content-single-product.php(60): do_action()
#140 /var/www/plastbras/wp-includes/template.php(785): require('...')
#141 /var/www/plastbras/wp-content/plugins/woocommerce/includes/wc-core-functions.php(284): load_template()
#142 /var/www/plastbras/wp-content/plugins/woocommerce/includes/class-wc-shortcodes.php(598): wc_get_template_part()
#143 /var/www/plastbras/wp-includes/shortcodes.php(355): WC_Shortcodes::product_page()
#144 [internal function]: do_shortcode_tag()
#145 /var/www/plastbras/wp-includes/shortcodes.php(227): preg_replace_callback()
#146 /var/www/plastbras/wp-content/plugins/woocommerce/includes/class-wc-structured-data.php(203): do_shortcode()
#147 /var/www/plastbras/wp-includes/class-wp-hook.php(308): WC_Structured_Data->generate_product_data()
#148 /var/www/plastbras/wp-includes/class-wp-hook.php(332): WP_Hook->apply_filters()
#149 /var/www/plastbras/wp-includes/plugin.php(517): WP_Hook->do_action()
#150 /var/www/plastbras/wp-content/plugins/woocommerce/templates/content-single-product.php(60): do_action()
#151 /var/www/plastbras/wp-includes/template.php(785): require('...')
#152 /var/www/plastbras/wp-content/plugins/woocommerce/includes/wc-core-functions.php(284): load_template()
#153 /var/www/plastbras/wp-content/plugins/woocommerce/includes/class-wc-shortcodes.php(598): wc_get_template_part()
#154 /var/www/plastbras/wp-includes/shortcodes.php(355): WC_Shortcodes::product_page()
#155 [internal function]: do_shortcode_tag()
#156 /var/www/plastbras/wp-includes/shortcodes.php(227): preg_replace_callback()
#157 /var/www/plastbras/wp-content/plugins/woocommerce/includes/class-wc-structured-data.php(203): do_shortcode()
#158 /var/www/plastbras/wp-includes/class-wp-hook.php(308): WC_Structured_Data->generate_product_data()
#159 /var/www/plastbras/wp-includes/class-wp-hook.php(332): WP_Hook->apply_filters()
#160 /var/www/plastbras/wp-includes/plugin.php(517): WP_Hook->do_action()
#161 /var/www/plastbras/wp-content/plugins/woocommerce/templates/content-single-product.php(60): do_action()
#162 /var/www/plastbras/wp-includes/template.php(785): require('...')
#163 /var/www/plastbras/wp-content/plugins/woocommerce/includes/wc-core-functions.php(284): load_template()
#164 /var/www/plastbras/wp-content/plugins/woocommerce/includes/class-wc-shortcodes.php(598): wc_get_template_part()
#165 /var/www/plastbras/wp-includes/shortcodes.php(355): WC_Shortcodes::product_page()
#166 [internal function]: do_shortcode_tag()
#167 /var/www/plastbras/wp-includes/shortcodes.php(227): preg_replace_callback()
#168 /var/www/plastbras/wp-content/plugins/woocommerce/includes/class-wc-structured-data.php(203): do_shortcode()
#169 /var/www/plastbras/wp-includes/class-wp-hook.php(308): WC_Structured_Data->generate_product_data()
#170 /var/www/plastbras/wp-includes/class-wp-hook.php(332): WP_Hook->apply_filters()
#171 /var/www/plastbras/wp-includes/plugin.php(517): WP_Hook->do_action()
#172 /var/www/plastbras/wp-content/plugins/woocommerce/templates/content-single-product.php(60): do_action()
#173 /var/www/plastbras/wp-includes/template.php(785): require('...')
#174 /var/www/plastbras/wp-content/plugins/woocommerce/includes/wc-core-functions.php(284): load_template()
#175 /var/www/plastbras/wp-content/plugins/woocommerce/includes/class-wc-shortcodes.php(598): wc_get_template_part()
#176 /var/www/plastbras/wp-includes/shortcodes.php(355): WC_Shortcodes::product_page()
#177 [internal function]: do_shortcode_tag()
#178 /var/www/plastbras/wp-includes/shortcodes.php(227): preg_replace_callback()
#179 /var/www/plastbras/wp-content/plugins/woocommerce/includes/class-wc-structured-data.php(203): do_shortcode()
#180 /var/www/plastbras/wp-includes/class-wp-hook.php(308): WC_Structured_Data->generate_product_data()
#181 /var/www/plastbras/wp-includes/class-wp-hook.php(332): WP_Hook->apply_filters()
#182 /var/www/plastbras/wp-includes/plugin.php(517): WP_Hook->do_action()
#183 /var/www/plastbras/wp-content/plugins/woocommerce/templates/content-single-product.php(60): do_action()
#184 /var/www/plastbras/wp-includes/template.php(785): require('...')
#185 /var/www/plastbras/wp-content/plugins/woocommerce/includes/wc-core-functions.php(284): load_template()
#186 /var/www/plastbras/wp-content/plugins/woocommerce/includes/class-wc-shortcodes.php(598): wc_get_template_part()
#187 /var/www/plastbras/wp-includes/shortcodes.php(355): WC_Shortcodes::product_page()
#188 [internal function]: do_shortcode_tag()
#189 /var/www/plastbras/wp-includes/shortcodes.php(227): preg_replace_callback()
#190 /var/www/plastbras/wp-content/plugins/woocommerce/includes/class-wc-structured-data.php(203): do_shortcode()
#191 /var/www/plastbras/wp-includes/class-wp-hook.php(308): WC_Structured_Data->generate_product_data()
#192 /var/www/plastbras/wp-includes/class-wp-hook.php(332): WP_Hook->apply_filters()
#193 /var/www/plastbras/wp-includes/plugin.php(517): WP_Hook->do_action()
#194 /var/www/plastbras/wp-content/plugins/woocommerce/templates/content-single-product.php(60): do_action()
#195 /var/www/plastbras/wp-includes/template.php(785): require('...')
#196 /var/www/plastbras/wp-content/plugins/woocommerce/includes/wc-core-functions.php(284): load_template()
#197 /var/www/plastbras/wp-content/plugins/woocommerce/includes/class-wc-shortcodes.php(598): wc_get_template_part()
#198 /var/www/plastbras/wp-includes/shortcodes.php(355): WC_Shortcodes::product_page()
#199 [internal function]: do_shortcode_tag()
#200 /var/www/plastbras/wp-includes/shortcodes.php(227): preg_replace_callback()
#201 /var/www/plastbras/wp-content/plugins/woocommerce/includes/class-wc-structured-data.php(203): do_shortcode()
#202 /var/www/plastbras/wp-includes/class-wp-hook.php(308): WC_Structured_Data->generate_product_data()
#203 /var/www/plastbras/wp-includes/class-wp-hook.php(332): WP_Hook->apply_filters()
#204 /var/www/plastbras/wp-includes/plugin.php(517): WP_Hook->do_action()
#205 /var/www/plastbras/wp-content/plugins/woocommerce/templates/content-single-product.php(60): do_action()
#206 /var/www/plastbras/wp-includes/template.php(785): require('...')
#207 /var/www/plastbras/wp-content/plugins/woocommerce/includes/wc-core-functions.php(284): load_template()
#208 /var/www/plastbras/wp-content/plugins/woocommerce/includes/class-wc-shortcodes.php(598): wc_get_template_part()
#209 /var/www/plastbras/wp-includes/shortcodes.php(355): WC_Shortcodes::product_page()
#210 [internal function]: do_shortcode_tag()
#211 /var/www/plastbras/wp-includes/shortcodes.php(227): preg_replace_callback()
#212 /var/www/plastbras/wp-content/plugins/woocommerce/includes/class-wc-structured-data.php(203): do_shortcode()
#213 /var/www/plastbras/wp-includes/class-wp-hook.php(308): WC_Structured_Data->generate_product_data()
#214 /var/www/plastbras/wp-includes/class-wp-hook.php(332): WP_Hook->apply_filters()
#215 /var/www/plastbras/wp-includes/plugin.php(517): WP_Hook->do_action()
#216 /var/www/plastbras/wp-content/plugins/woocommerce/templates/content-single-product.php(60): do_action()
#217 /var/www/plastbras/wp-includes/template.php(785): require('...')
#218 /var/www/plastbras/wp-content/plugins/woocommerce/includes/wc-core-functions.php(284): load_template()
#219 /var/www/plastbras/wp-content/plugins/woocommerce/includes/class-wc-shortcodes.php(598): wc_get_template_part()
#220 /var/www/plastbras/wp-includes/shortcodes.php(355): WC_Shortcodes::product_page()
#221 [internal function]: do_shortcode_tag()
#222 /var/www/plastbras/wp-includes/shortcodes.php(227): preg_replace_callback()
#223 /var/www/plastbras/wp-content/plugins/woocommerce/includes/class-wc-structured-data.php(203): do_shortcode()
#224 /var/www/plastbras/wp-includes/class-wp-hook.php(308): WC_Structured_Data->generate_product_data()
#225 /var/www/plastbras/wp-includes/class-wp-hook.php(332): WP_Hook->apply_filters()
#226 /var/www/plastbras/wp-includes/plugin.php(517): WP_Hook->do_action()
#227 /var/www/plastbras/wp-content/plugins/woocommerce/templates/content-single-product.php(60): do_action()
#228 /var/www/plastbras/wp-includes/template.php(785): require('...')
#229 /var/www/plastbras/wp-content/plugins/woocommerce/includes/wc-core-functions.php(284): load_template()
#230 /var/www/plastbras/wp-content/plugins/woocommerce/includes/class-wc-shortcodes.php(598): wc_get_template_part()
#231 /var/www/plastbras/wp-includes/shortcodes.php(355): WC_Shortcodes::product_page()
#232 [internal function]: do_shortcode_tag()
#233 /var/www/plastbras/wp-includes/shortcodes.php(227): preg_replace_callback()
#234 /var/www/plastbras/wp-content/plugins/woocommerce/includes/class-wc-structured-data.php(203): do_shortcode()
#235 /var/www/plastbras/wp-includes/class-wp-hook.php(308): WC_Structured_Data->generate_product_data()
#236 /var/www/plastbras/wp-includes/class-wp-hook.php(332): WP_Hook->apply_filters()
#237 /var/www/plastbras/wp-includes/plugin.php(517): WP_Hook->do_action()
#238 /var/www/plastbras/wp-content/plugins/woocommerce/templates/content-single-product.php(60): do_action()
#239 /var/www/plastbras/wp-includes/template.php(785): require('...')
#240 /var/www/plastbras/wp-content/plugins/woocommerce/includes/wc-core-functions.php(284): load_template()
#241 /var/www/plastbras/wp-content/plugins/woocommerce/includes/class-wc-shortcodes.php(598): wc_get_template_part()
#242 /var/www/plastbras/wp-includes/shortcodes.php(355): WC_Shortcodes::product_page()
#243 [internal function]: do_shortcode_tag()
#244 /var/www/plastbras/wp-includes/shortcodes.php(227): preg_replace_callback()
#245 /var/www/plastbras/wp-content/plugins/woocommerce/includes/class-wc-structured-data.php(203): do_shortcode()
#246 /var/www/plastbras/wp-includes/class-wp-hook.php(308): WC_Structured_Data->generate_product_data()
#247 /var/www/plastbras/wp-includes/class-wp-hook.php(332): WP_Hook->apply_filters()
#248 /var/www/plastbras/wp-includes/plugin.php(517): WP_Hook->do_action()
#249 /var/www/plastbras/wp-content/plugins/woocommerce/templates/content-single-product.php(60): do_action()
#250 /var/www/plastbras/wp-includes/template.php(785): require('...')
#251 /var/www/plastbras/wp-content/plugins/woocommerce/includes/wc-core-functions.php(284): load_template()
#252 /var/www/plastbras/wp-content/plugins/woocommerce/templates/single-product.php(37): wc_get_template_part()
#253 /var/www/plastbras/wp-includes/template-loader.php(106): include('...')
#254 /var/www/plastbras/wp-blog-header.php(19): require_once('...')
#255 /var/www/plastbras/index.php(17): require('...')
#256 {main}
  thrown in /var/www/plastbras/wp-includes/class-wp-object-cache.php on line 146

